<?xml version="1.0" encoding="UTF-8"?>
<!-- Generated by org.testng.reporters.JUnitXMLReporter -->
<testsuite hostname="ITS012006" ignored="1" name="RegressionTest" tests="1" failures="1" timestamp="04 Jun 2019 15:34:04 GMT" time="0.011" errors="0">
  <testcase name="@BeforeSuite setUp" time="0.0" classname="com.sussex.testMethods.TC02_verifyLoginTest">
    <failure type="java.lang.NullPointerException">
      <![CDATA[java.lang.NullPointerException
	at com.sussex.testBase.TestBase.invokeBrowser(TestBase.java:87)
	at com.sussex.testBase.TestBase.initialize(TestBase.java:68)
	at com.sussex.testMethods.TC02_verifyLoginTest.setUp(TC02_verifyLoginTest.java:49)
... Removed 19 stack frames]]>
    </failure>
  </testcase> <!-- @BeforeSuite setUp -->
  <testcase name="VerifyLoginTest" time="0.0" classname="com.sussex.testMethods.TC02_verifyLoginTest">
    <failure type="org.testng.TestNGException" message="
Method public void com.sussex.testMethods.TC02_verifyLoginTest.VerifyLoginTest(java.lang.String,java.lang.String,java.lang.String,java.lang.String,java.lang.String) throws java.lang.InterruptedException requires a @DataProvider named : LoginData">
      <![CDATA[org.testng.TestNGException: 
Method public void com.sussex.testMethods.TC02_verifyLoginTest.VerifyLoginTest(java.lang.String,java.lang.String,java.lang.String,java.lang.String,java.lang.String) throws java.lang.InterruptedException requires a @DataProvider named : LoginData
... Removed 22 stack frames]]>
    </failure>
  </testcase> <!-- VerifyLoginTest -->
  <testcase name="VerifyElementsOnLogOnPage" time="0.0" classname="com.sussex.testMethods.TC02_verifyLoginTest">
    <ignored/>
  </testcase> <!-- VerifyElementsOnLogOnPage -->
</testsuite> <!-- RegressionTest -->
